d:\csci522\peworkspace\build-intermediate\x32\debug\lua_dist-win32gl\linit.obj
d:\csci522\peworkspace\build-intermediate\x32\debug\lua_dist-win32gl\lstring.obj
d:\csci522\peworkspace\build-intermediate\x32\debug\lua_dist-win32gl\lauxlib.obj
d:\csci522\peworkspace\build-intermediate\x32\debug\lua_dist-win32gl\lmathlib.obj
d:\csci522\peworkspace\build-intermediate\x32\debug\lua_dist-win32gl\lvm.obj
d:\csci522\peworkspace\build-intermediate\x32\debug\lua_dist-win32gl\ldo.obj
d:\csci522\peworkspace\build-intermediate\x32\debug\lua_dist-win32gl\ltm.obj
d:\csci522\peworkspace\build-intermediate\x32\debug\lua_dist-win32gl\lbaselib.obj
d:\csci522\peworkspace\build-intermediate\x32\debug\lua_dist-win32gl\lmem.obj
d:\csci522\peworkspace\build-intermediate\x32\debug\lua_dist-win32gl\ldebug.obj
d:\csci522\peworkspace\build-intermediate\x32\debug\lua_dist-win32gl\lstate.obj
d:\csci522\peworkspace\build-intermediate\x32\debug\lua_dist-win32gl\lparser.obj
d:\csci522\peworkspace\build-intermediate\x32\debug\lua_dist-win32gl\lgc.obj
d:\csci522\peworkspace\build-intermediate\x32\debug\lua_dist-win32gl\ltablib.obj
d:\csci522\peworkspace\build-intermediate\x32\debug\lua_dist-win32gl\lcode.obj
d:\csci522\peworkspace\build-intermediate\x32\debug\lua_dist-win32gl\loadlib.obj
d:\csci522\peworkspace\build-intermediate\x32\debug\lua_dist-win32gl\lundump.obj
d:\csci522\peworkspace\build-intermediate\x32\debug\lua_dist-win32gl\lfunc.obj
d:\csci522\peworkspace\build-intermediate\x32\debug\lua_dist-win32gl\ltable.obj
d:\csci522\peworkspace\build-intermediate\x32\debug\lua_dist-win32gl\liolib.obj
d:\csci522\peworkspace\build-intermediate\x32\debug\lua_dist-win32gl\lzio.obj
d:\csci522\peworkspace\build-intermediate\x32\debug\lua_dist-win32gl\ldump.obj
d:\csci522\peworkspace\build-intermediate\x32\debug\lua_dist-win32gl\lstrlib.obj
d:\csci522\peworkspace\build-intermediate\x32\debug\lua_dist-win32gl\ldblib.obj
d:\csci522\peworkspace\build-intermediate\x32\debug\lua_dist-win32gl\loslib.obj
d:\csci522\peworkspace\build-intermediate\x32\debug\lua_dist-win32gl\llex.obj
d:\csci522\peworkspace\build-intermediate\x32\debug\lua_dist-win32gl\print.obj
d:\csci522\peworkspace\build-intermediate\x32\debug\lua_dist-win32gl\lobject.obj
d:\csci522\peworkspace\build-intermediate\x32\debug\lua_dist-win32gl\lapi.obj
d:\csci522\peworkspace\build-intermediate\x32\debug\lua_dist-win32gl\lopcodes.obj
d:\csci522\peworkspace\build\lua_dist-win32gl.pdb
d:\csci522\peworkspace\build\lua_dist-win32gl.lib
d:\csci522\peworkspace\build-intermediate\x32\debug\lua_dist-win32gl\lua_dist-win32gl.tlog\cl.18664.write.1.tlog
d:\csci522\peworkspace\build-intermediate\x32\debug\lua_dist-win32gl\lua_dist-win32gl.tlog\cl.command.1.tlog
d:\csci522\peworkspace\build-intermediate\x32\debug\lua_dist-win32gl\lua_dist-win32gl.tlog\cl.items.tlog
d:\csci522\peworkspace\build-intermediate\x32\debug\lua_dist-win32gl\lua_dist-win32gl.tlog\cl.read.1.tlog
d:\csci522\peworkspace\build-intermediate\x32\debug\lua_dist-win32gl\lua_dist-win32gl.tlog\lib-link.read.1.tlog
d:\csci522\peworkspace\build-intermediate\x32\debug\lua_dist-win32gl\lua_dist-win32gl.tlog\lib-link.write.1.tlog
d:\csci522\peworkspace\build-intermediate\x32\debug\lua_dist-win32gl\lua_dist-win32gl.tlog\lib.command.1.tlog
