d:\csci522\peworkspace\build-intermediate\x32\debug\charactercontrol-win32gl\soldiernpc.obj
d:\csci522\peworkspace\build-intermediate\x32\debug\charactercontrol-win32gl\soldiernpcmovementsm.obj
d:\csci522\peworkspace\build-intermediate\x32\debug\charactercontrol-win32gl\clienttank.obj
d:\csci522\peworkspace\build-intermediate\x32\debug\charactercontrol-win32gl\soldiernpcbehaviorsm.obj
d:\csci522\peworkspace\build-intermediate\x32\debug\charactercontrol-win32gl\events.obj
d:\csci522\peworkspace\build-intermediate\x32\debug\charactercontrol-win32gl\clientcharactercontrolgame.obj
d:\csci522\peworkspace\build-intermediate\x32\debug\charactercontrol-win32gl\servercharactercontrolgame.obj
d:\csci522\peworkspace\build-intermediate\x32\debug\charactercontrol-win32gl\globalregistry.obj
d:\csci522\peworkspace\build-intermediate\x32\debug\charactercontrol-win32gl\servergameobjectmanageraddon.obj
d:\csci522\peworkspace\build-intermediate\x32\debug\charactercontrol-win32gl\clientspaceship.obj
d:\csci522\peworkspace\build-intermediate\x32\debug\charactercontrol-win32gl\gameobjectmanageraddon.obj
d:\csci522\peworkspace\build-intermediate\x32\debug\charactercontrol-win32gl\main.obj
d:\csci522\peworkspace\build-intermediate\x32\debug\charactercontrol-win32gl\waypoint.obj
d:\csci522\peworkspace\build-intermediate\x32\debug\charactercontrol-win32gl\soldiernpcanimationsm.obj
d:\csci522\peworkspace\build-intermediate\x32\debug\charactercontrol-win32gl\clientspaceshipcontrols.obj
d:\csci522\peworkspace\build-intermediate\x32\debug\charactercontrol-win32gl\test.obj
d:\csci522\peworkspace\build-intermediate\x32\debug\charactercontrol-win32gl\testfunc_c_stdcall.obj
d:\csci522\peworkspace\build-intermediate\x32\debug\charactercontrol-win32gl\vc143.idb
d:\csci522\peworkspace\build-intermediate\x32\debug\charactercontrol-win32gl\vc143.pdb
d:\csci522\peworkspace\build-intermediate\x32\debug\charactercontrol-win32gl\characte.06e2ebae.tlog\cl.11280.write.1.tlog
d:\csci522\peworkspace\build-intermediate\x32\debug\charactercontrol-win32gl\characte.06e2ebae.tlog\cl.command.1.tlog
d:\csci522\peworkspace\build-intermediate\x32\debug\charactercontrol-win32gl\characte.06e2ebae.tlog\cl.read.1.tlog
d:\csci522\peworkspace\build-intermediate\x32\debug\charactercontrol-win32gl\characte.06e2ebae.tlog\masm.read.1u.tlog
d:\csci522\peworkspace\build-intermediate\x32\debug\charactercontrol-win32gl\characte.06e2ebae.tlog\masm.write.1u.tlog
