d:\csci522\peworkspace\build-intermediate\x32\debug\luasocket_dist-win32gl\auxiliar.obj
d:\csci522\peworkspace\build-intermediate\x32\debug\luasocket_dist-win32gl\luasocket.obj
d:\csci522\peworkspace\build-intermediate\x32\debug\luasocket_dist-win32gl\io.obj
d:\csci522\peworkspace\build-intermediate\x32\debug\luasocket_dist-win32gl\tcp.obj
d:\csci522\peworkspace\build-intermediate\x32\debug\luasocket_dist-win32gl\mime.obj
d:\csci522\peworkspace\build-intermediate\x32\debug\luasocket_dist-win32gl\except.obj
d:\csci522\peworkspace\build-intermediate\x32\debug\luasocket_dist-win32gl\udp.obj
d:\csci522\peworkspace\build-intermediate\x32\debug\luasocket_dist-win32gl\options.obj
d:\csci522\peworkspace\build-intermediate\x32\debug\luasocket_dist-win32gl\wsocket.obj
d:\csci522\peworkspace\build-intermediate\x32\debug\luasocket_dist-win32gl\buffer.obj
d:\csci522\peworkspace\build-intermediate\x32\debug\luasocket_dist-win32gl\inet.obj
d:\csci522\peworkspace\build-intermediate\x32\debug\luasocket_dist-win32gl\select.obj
d:\csci522\peworkspace\build-intermediate\x32\debug\luasocket_dist-win32gl\timeout.obj
d:\csci522\peworkspace\build\luasocket_dist-win32gl.pdb
d:\csci522\peworkspace\build\luasocket_dist-win32gl.lib
d:\csci522\peworkspace\build-intermediate\x32\debug\luasocket_dist-win32gl\luasocke.964e3218.tlog\cl.12216.write.1.tlog
d:\csci522\peworkspace\build-intermediate\x32\debug\luasocket_dist-win32gl\luasocke.964e3218.tlog\cl.command.1.tlog
d:\csci522\peworkspace\build-intermediate\x32\debug\luasocket_dist-win32gl\luasocke.964e3218.tlog\cl.items.tlog
d:\csci522\peworkspace\build-intermediate\x32\debug\luasocket_dist-win32gl\luasocke.964e3218.tlog\cl.read.1.tlog
d:\csci522\peworkspace\build-intermediate\x32\debug\luasocket_dist-win32gl\luasocke.964e3218.tlog\lib-link.read.1.tlog
d:\csci522\peworkspace\build-intermediate\x32\debug\luasocket_dist-win32gl\luasocke.964e3218.tlog\lib-link.write.1.tlog
d:\csci522\peworkspace\build-intermediate\x32\debug\luasocket_dist-win32gl\luasocke.964e3218.tlog\lib.command.1.tlog
