d:\csci522\peworkspace\build\primeengine-win32gl.pdb
d:\csci522\peworkspace\build\primeengine-win32gl.idb
d:\csci522\peworkspace\build-intermediate\x32\debug\primeengine-win32gl\nums_spe.obj
d:\csci522\peworkspace\build-intermediate\x32\debug\primeengine-win32gl\effect.obj
d:\csci522\peworkspace\build-intermediate\x32\debug\primeengine-win32gl\clientgame.obj
d:\csci522\peworkspace\build-intermediate\x32\debug\primeengine-win32gl\skeletoncpu.obj
d:\csci522\peworkspace\build-intermediate\x32\debug\primeengine-win32gl\setperframeconstantsshaderaction.obj
d:\csci522\peworkspace\build-intermediate\x32\debug\primeengine-win32gl\sh_draw.obj
d:\csci522\peworkspace\build-intermediate\x32\debug\primeengine-win32gl\effect_d3d11.obj
d:\csci522\peworkspace\build-intermediate\x32\debug\primeengine-win32gl\wintimer.obj
d:\csci522\peworkspace\build-intermediate\x32\debug\primeengine-win32gl\indexbuffercpu.obj
d:\csci522\peworkspace\build-intermediate\x32\debug\primeengine-win32gl\log.obj
d:\csci522\peworkspace\build-intermediate\x32\debug\primeengine-win32gl\physicsmanager.obj
d:\csci522\peworkspace\build-intermediate\x32\debug\primeengine-win32gl\scenenode.obj
d:\csci522\peworkspace\build-intermediate\x32\debug\primeengine-win32gl\animsetbuffergpu.obj
d:\csci522\peworkspace\build-intermediate\x32\debug\primeengine-win32gl\standardcontrollerevents.obj
d:\csci522\peworkspace\build-intermediate\x32\debug\primeengine-win32gl\rainparticlesystemcpu.obj
d:\csci522\peworkspace\build-intermediate\x32\debug\primeengine-win32gl\eventmanager.obj
d:\csci522\peworkspace\build-intermediate\x32\debug\primeengine-win32gl\light.obj
d:\csci522\peworkspace\build-intermediate\x32\debug\primeengine-win32gl\effect_d3d9.obj
d:\csci522\peworkspace\build-intermediate\x32\debug\primeengine-win32gl\standardkeyboardevents.obj
d:\csci522\peworkspace\build-intermediate\x32\debug\primeengine-win32gl\particlebuffercpu.obj
d:\csci522\peworkspace\build-intermediate\x32\debug\primeengine-win32gl\clientluaenvironment.obj
d:\csci522\peworkspace\build-intermediate\x32\debug\primeengine-win32gl\physicsjob.obj
d:\csci522\peworkspace\build-intermediate\x32\debug\primeengine-win32gl\textmesh.obj
d:\csci522\peworkspace\build-intermediate\x32\debug\primeengine-win32gl\bufferinfo.obj
d:\csci522\peworkspace\build-intermediate\x32\debug\primeengine-win32gl\texture.obj
d:\csci522\peworkspace\build-intermediate\x32\debug\primeengine-win32gl\normalbuffercpumanager.obj
d:\csci522\peworkspace\build-intermediate\x32\debug\primeengine-win32gl\eventdatacreators.obj
d:\csci522\peworkspace\build-intermediate\x32\debug\primeengine-win32gl\setperobjectgroupconstantsshaderaction.obj
d:\csci522\peworkspace\build-intermediate\x32\debug\primeengine-win32gl\skyvolumemesh.obj
d:\csci522\peworkspace\build-intermediate\x32\debug\primeengine-win32gl\effectmanagereffects.obj
d:\csci522\peworkspace\build-intermediate\x32\debug\primeengine-win32gl\winapplication.obj
d:\csci522\peworkspace\build-intermediate\x32\debug\primeengine-win32gl\pointlistcpu.obj
d:\csci522\peworkspace\build-intermediate\x32\debug\primeengine-win32gl\serverluaenvironment.obj
d:\csci522\peworkspace\build-intermediate\x32\debug\primeengine-win32gl\irenderer.obj
d:\csci522\peworkspace\build-intermediate\x32\debug\primeengine-win32gl\shaderaction.obj
d:\csci522\peworkspace\build-intermediate\x32\debug\primeengine-win32gl\skeleton.obj
d:\csci522\peworkspace\build-intermediate\x32\debug\primeengine-win32gl\d3d11_vertexbuffergpu.obj
d:\csci522\peworkspace\build-intermediate\x32\debug\primeengine-win32gl\gpumaterial.obj
d:\csci522\peworkspace\build-intermediate\x32\debug\primeengine-win32gl\filewriter.obj
d:\csci522\peworkspace\build-intermediate\x32\debug\primeengine-win32gl\animationcpu.obj
d:\csci522\peworkspace\build-intermediate\x32\debug\primeengine-win32gl\streammanager.obj
d:\csci522\peworkspace\build-intermediate\x32\debug\primeengine-win32gl\cameramanager.obj
d:\csci522\peworkspace\build-intermediate\x32\debug\primeengine-win32gl\soundmanager.obj
d:\csci522\peworkspace\build-intermediate\x32\debug\primeengine-win32gl\pealphablendstate.obj
d:\csci522\peworkspace\build-intermediate\x32\debug\primeengine-win32gl\timer.obj
d:\csci522\peworkspace\build-intermediate\x32\debug\primeengine-win32gl\colorbuffercpu.obj
d:\csci522\peworkspace\build-intermediate\x32\debug\primeengine-win32gl\animationsetgpumanager.obj
d:\csci522\peworkspace\build-intermediate\x32\debug\primeengine-win32gl\setinstancecontrolconstantsshaderaction.obj
d:\csci522\peworkspace\build-intermediate\x32\debug\primeengine-win32gl\rootscenenode.obj
d:\csci522\peworkspace\build-intermediate\x32\debug\primeengine-win32gl\d3d9_vertexbuffergpu.obj
d:\csci522\peworkspace\build-intermediate\x32\debug\primeengine-win32gl\vertexbuffergpumanager.obj
d:\csci522\peworkspace\build-intermediate\x32\debug\primeengine-win32gl\standardgameevents.obj
d:\csci522\peworkspace\build-intermediate\x32\debug\primeengine-win32gl\particlesystemcpu.obj
d:\csci522\peworkspace\build-intermediate\x32\debug\primeengine-win32gl\connectionmanager.obj
d:\csci522\peworkspace\build-intermediate\x32\debug\primeengine-win32gl\setpermaterialconstantsshaderaction.obj
d:\csci522\peworkspace\build-intermediate\x32\debug\primeengine-win32gl\meshinstance.obj
d:\csci522\peworkspace\build-intermediate\x32\debug\primeengine-win32gl\d3d11_indexbuffergpu.obj
d:\csci522\peworkspace\build-intermediate\x32\debug\primeengine-win32gl\ogl_indexbuffergpu.obj
d:\csci522\peworkspace\build-intermediate\x32\debug\primeengine-win32gl\texture_drawableintocolortexturewithdepth.obj
d:\csci522\peworkspace\build-intermediate\x32\debug\primeengine-win32gl\gameobjectmanager.obj
d:\csci522\peworkspace\build-intermediate\x32\debug\primeengine-win32gl\skinweightscpu.obj
d:\csci522\peworkspace\build-intermediate\x32\debug\primeengine-win32gl\sa_setandbind_constresource_instancedobjectsanimationpalettes.obj
d:\csci522\peworkspace\build-intermediate\x32\debug\primeengine-win32gl\dir.obj
d:\csci522\peworkspace\build-intermediate\x32\debug\primeengine-win32gl\effect_gl.obj
d:\csci522\peworkspace\build-intermediate\x32\debug\primeengine-win32gl\gamecontext.obj
d:\csci522\peworkspace\build-intermediate\x32\debug\primeengine-win32gl\servergame.obj
d:\csci522\peworkspace\build-intermediate\x32\debug\primeengine-win32gl\tangentbufercpu.obj
d:\csci522\peworkspace\build-intermediate\x32\debug\primeengine-win32gl\sa_setandbind_constresource_perinstancedata.obj
d:\csci522\peworkspace\build-intermediate\x32\debug\primeengine-win32gl\errorhandling.obj
d:\csci522\peworkspace\build-intermediate\x32\debug\primeengine-win32gl\indexbuffergpu.obj
d:\csci522\peworkspace\build-intermediate\x32\debug\primeengine-win32gl\texture_dds_loader_gl.obj
d:\csci522\peworkspace\build-intermediate\x32\debug\primeengine-win32gl\bladefireparticlesystemcpu.obj
d:\csci522\peworkspace\build-intermediate\x32\debug\primeengine-win32gl\clientconnectionmanager.obj
d:\csci522\peworkspace\build-intermediate\x32\debug\primeengine-win32gl\camerascenenode.obj
d:\csci522\peworkspace\build-intermediate\x32\debug\primeengine-win32gl\pestring.obj
d:\csci522\peworkspace\build-intermediate\x32\debug\primeengine-win32gl\effect_lua.obj
d:\csci522\peworkspace\build-intermediate\x32\debug\primeengine-win32gl\filereader.obj
d:\csci522\peworkspace\build-intermediate\x32\debug\primeengine-win32gl\positionbuffercpumanager.obj
d:\csci522\peworkspace\build-intermediate\x32\debug\primeengine-win32gl\physicscomponent.obj
d:\csci522\peworkspace\build-intermediate\x32\debug\primeengine-win32gl\mesh.obj
d:\csci522\peworkspace\build-intermediate\x32\debug\primeengine-win32gl\dx9_xinput.obj
d:\csci522\peworkspace\build-intermediate\x32\debug\primeengine-win32gl\gputexturemanager.obj
d:\csci522\peworkspace\build-intermediate\x32\debug\primeengine-win32gl\texture_drawableintocolortexturearray.obj
d:\csci522\peworkspace\build-intermediate\x32\debug\primeengine-win32gl\gamethreadjob.obj
d:\csci522\peworkspace\build-intermediate\x32\debug\primeengine-win32gl\cameraops.obj
d:\csci522\peworkspace\build-intermediate\x32\debug\primeengine-win32gl\sa_bind_resource.obj
d:\csci522\peworkspace\build-intermediate\x32\debug\primeengine-win32gl\drawlist.obj
d:\csci522\peworkspace\build-intermediate\x32\debug\primeengine-win32gl\pedepthstencilstate.obj
d:\csci522\peworkspace\build-intermediate\x32\debug\primeengine-win32gl\eventqueuemanager.obj
d:\csci522\peworkspace\build-intermediate\x32\debug\primeengine-win32gl\normalbuffercpu.obj
d:\csci522\peworkspace\build-intermediate\x32\debug\primeengine-win32gl\texcoordbuffercpumanager.obj
d:\csci522\peworkspace\build-intermediate\x32\debug\primeengine-win32gl\sa_setandbind_constresource_singleobjectanimationpalette.obj
d:\csci522\peworkspace\build-intermediate\x32\debug\primeengine-win32gl\networkable.obj
d:\csci522\peworkspace\build-intermediate\x32\debug\primeengine-win32gl\glslattributes.obj
d:\csci522\peworkspace\build-intermediate\x32\debug\primeengine-win32gl\texture_drawableintocolortexture.obj
d:\csci522\peworkspace\build-intermediate\x32\debug\primeengine-win32gl\defaultgamecontrols.obj
d:\csci522\peworkspace\build-intermediate\x32\debug\primeengine-win32gl\animationsetcpu.obj
d:\csci522\peworkspace\build-intermediate\x32\debug\primeengine-win32gl\servernetworkmanager.obj
d:\csci522\peworkspace\build-intermediate\x32\debug\primeengine-win32gl\meshmanager.obj
d:\csci522\peworkspace\build-intermediate\x32\debug\primeengine-win32gl\d3d9_indexbuffergpu.obj
d:\csci522\peworkspace\build-intermediate\x32\debug\primeengine-win32gl\vertexbuffergpuinputgeodescs.obj
d:\csci522\peworkspace\build-intermediate\x32\debug\primeengine-win32gl\eventqueue.obj
d:\csci522\peworkspace\build-intermediate\x32\debug\primeengine-win32gl\materialcpu.obj
d:\csci522\peworkspace\build-intermediate\x32\debug\primeengine-win32gl\mainfunctionargs.obj
d:\csci522\peworkspace\build-intermediate\x32\debug\primeengine-win32gl\glrenderer.obj
d:\csci522\peworkspace\build-intermediate\x32\debug\primeengine-win32gl\debugrenderer.obj
d:\csci522\peworkspace\build-intermediate\x32\debug\primeengine-win32gl\perasterizerstate.obj
d:\csci522\peworkspace\build-intermediate\x32\debug\primeengine-win32gl\texture_drawableintodepthtexture.obj
d:\csci522\peworkspace\build-intermediate\x32\debug\primeengine-win32gl\explosionparticlesystemcpu.obj
d:\csci522\peworkspace\build-intermediate\x32\debug\primeengine-win32gl\memorypool.obj
d:\csci522\peworkspace\build-intermediate\x32\debug\primeengine-win32gl\profiling.obj
d:\csci522\peworkspace\build-intermediate\x32\debug\primeengine-win32gl\skeletoninstance.obj
d:\csci522\peworkspace\build-intermediate\x32\debug\primeengine-win32gl\dx9_keyboardmouse.obj
d:\csci522\peworkspace\build-intermediate\x32\debug\primeengine-win32gl\texture_dds_loader_common.obj
d:\csci522\peworkspace\build-intermediate\x32\debug\primeengine-win32gl\materialsetcpu.obj
d:\csci522\peworkspace\build-intermediate\x32\debug\primeengine-win32gl\luaenvironment.obj
d:\csci522\peworkspace\build-intermediate\x32\debug\primeengine-win32gl\renderjob.obj
d:\csci522\peworkspace\build-intermediate\x32\debug\primeengine-win32gl\d3d11_resourcebuffergpu.obj
d:\csci522\peworkspace\build-intermediate\x32\debug\primeengine-win32gl\ogl_vertexbuffergpu.obj
d:\csci522\peworkspace\build-intermediate\x32\debug\primeengine-win32gl\component.obj
d:\csci522\peworkspace\build-intermediate\x32\debug\primeengine-win32gl\fireparticlesystemcpu.obj
d:\csci522\peworkspace\build-intermediate\x32\debug\primeengine-win32gl\clientnetworkmanager.obj
d:\csci522\peworkspace\build-intermediate\x32\debug\primeengine-win32gl\instancingscenenode.obj
d:\csci522\peworkspace\build-intermediate\x32\debug\primeengine-win32gl\effectmanager.obj
d:\csci522\peworkspace\build-intermediate\x32\debug\primeengine-win32gl\globalregistry.obj
d:\csci522\peworkspace\build-intermediate\x32\debug\primeengine-win32gl\texcoordbuffercpu.obj
d:\csci522\peworkspace\build-intermediate\x32\debug\primeengine-win32gl\sa_copyinto_sysmem_frominstancedobjectsanimationcsreduceresult.obj
d:\csci522\peworkspace\build-intermediate\x32\debug\primeengine-win32gl\textscenenode.obj
d:\csci522\peworkspace\build-intermediate\x32\debug\primeengine-win32gl\resourcebuffergpu.obj
d:\csci522\peworkspace\build-intermediate\x32\debug\primeengine-win32gl\input.obj
d:\csci522\peworkspace\build-intermediate\x32\debug\primeengine-win32gl\samplerstate.obj
d:\csci522\peworkspace\build-intermediate\x32\debug\primeengine-win32gl\camera.obj
d:\csci522\peworkspace\build-intermediate\x32\debug\primeengine-win32gl\positionbuffercpu.obj
d:\csci522\peworkspace\build-intermediate\x32\debug\primeengine-win32gl\networkmanager.obj
d:\csci522\peworkspace\build-intermediate\x32\debug\primeengine-win32gl\setperobjectconstantsshaderaction.obj
d:\csci522\peworkspace\build-intermediate\x32\debug\primeengine-win32gl\vertexbuffergpu.obj
d:\csci522\peworkspace\build-intermediate\x32\debug\primeengine-win32gl\standardevents.obj
d:\csci522\peworkspace\build-intermediate\x32\debug\primeengine-win32gl\smokeparticlesystemcpu.obj
d:\csci522\peworkspace\build-intermediate\x32\debug\primeengine-win32gl\serverconnectionmanager.obj
d:\csci522\peworkspace\build-intermediate\x32\debug\primeengine-win32gl\linemesh.obj
d:\csci522\peworkspace\build-intermediate\x32\debug\primeengine-win32gl\externalpertechniquedata.obj
d:\csci522\peworkspace\build-intermediate\x32\debug\primeengine-win32gl\event.obj
d:\csci522\peworkspace\build-intermediate\x32\debug\primeengine-win32gl\meshcpu.obj
d:\csci522\peworkspace\build-intermediate\x32\debug\primeengine-win32gl\memorymanager.obj
d:\csci522\peworkspace\build-intermediate\x32\debug\primeengine-win32gl\miscshaderactions.obj
d:\csci522\peworkspace\build-intermediate\x32\debug\primeengine-win32gl\defaultanimationsm.obj
d:\csci522\peworkspace\build\primeengine-win32gl.lib
d:\csci522\peworkspace\build-intermediate\x32\debug\primeengine-win32gl\primeeng.cb5149cd.tlog\cl.command.1.tlog
d:\csci522\peworkspace\build-intermediate\x32\debug\primeengine-win32gl\primeeng.cb5149cd.tlog\cl.items.tlog
d:\csci522\peworkspace\build-intermediate\x32\debug\primeengine-win32gl\primeeng.cb5149cd.tlog\cl.read.1.tlog
d:\csci522\peworkspace\build-intermediate\x32\debug\primeengine-win32gl\primeeng.cb5149cd.tlog\cl.write.1.tlog
d:\csci522\peworkspace\build-intermediate\x32\debug\primeengine-win32gl\primeeng.cb5149cd.tlog\lib-link.read.1.tlog
d:\csci522\peworkspace\build-intermediate\x32\debug\primeengine-win32gl\primeeng.cb5149cd.tlog\lib-link.write.1.tlog
d:\csci522\peworkspace\build-intermediate\x32\debug\primeengine-win32gl\primeeng.cb5149cd.tlog\lib.command.1.tlog
